INFO [2023-08-10 02:05:38] [[1]]
INFO [2023-08-10 02:05:38] list1
INFO [2023-08-10 02:05:38] 
INFO [2023-08-10 02:05:38] $filename
INFO [2023-08-10 02:05:38] NULL
INFO [2023-08-10 02:05:38] 
INFO [2023-08-10 02:05:38] [[1]]
INFO [2023-08-10 02:05:38] list1
INFO [2023-08-10 02:05:38] 
INFO [2023-08-10 02:05:38] $filename
INFO [2023-08-10 02:05:38] NULL
INFO [2023-08-10 02:05:38] 
INFO [2023-08-10 02:05:38] [[1]]
INFO [2023-08-10 02:05:38] list1
INFO [2023-08-10 02:05:38] 
INFO [2023-08-10 02:05:38] $filename
INFO [2023-08-10 02:05:38] NULL
INFO [2023-08-10 02:05:38] 
INFO [2023-08-10 02:05:38] [[1]]
INFO [2023-08-10 02:05:38] list1
INFO [2023-08-10 02:05:38] 
INFO [2023-08-10 02:05:38] $filename
INFO [2023-08-10 02:05:38] NULL
INFO [2023-08-10 02:05:38] 
INFO [2023-08-10 02:05:38] [[1]]
INFO [2023-08-10 02:05:38] list1
INFO [2023-08-10 02:05:38] 
INFO [2023-08-10 02:05:38] $filename
INFO [2023-08-10 02:05:38] NULL
INFO [2023-08-10 02:05:38] 
INFO [2023-08-10 02:05:38] [[1]]
INFO [2023-08-10 02:05:38] list1
INFO [2023-08-10 02:05:38] 
INFO [2023-08-10 02:05:38] $filename
INFO [2023-08-10 02:05:38] NULL
INFO [2023-08-10 02:05:38] 
INFO [2023-08-10 02:05:38] [[1]]
INFO [2023-08-10 02:05:38] list1
INFO [2023-08-10 02:05:38] 
INFO [2023-08-10 02:05:38] $filename
INFO [2023-08-10 02:05:38] NULL
INFO [2023-08-10 02:05:38] 
INFO [2023-08-10 02:05:38] [[1]]
INFO [2023-08-10 02:05:38] list1
INFO [2023-08-10 02:05:38] 
INFO [2023-08-10 02:05:38] $filename
INFO [2023-08-10 02:05:38] NULL
INFO [2023-08-10 02:05:38] 
INFO [2023-08-10 02:05:38] [[1]]
INFO [2023-08-10 02:05:38] list1
INFO [2023-08-10 02:05:38] 
INFO [2023-08-10 02:05:38] $filename
INFO [2023-08-10 02:05:38] NULL
INFO [2023-08-10 02:05:38] 
INFO [2023-08-10 02:05:38] [[1]]
INFO [2023-08-10 02:05:38] list1
INFO [2023-08-10 02:05:38] 
INFO [2023-08-10 02:05:38] $filename
INFO [2023-08-10 02:05:38] NULL
INFO [2023-08-10 02:05:38] 
INFO [2023-08-10 02:05:38] [[1]]
INFO [2023-08-10 02:05:38] list1
INFO [2023-08-10 02:05:38] 
INFO [2023-08-10 02:05:38] $filename
INFO [2023-08-10 02:05:38] NULL
INFO [2023-08-10 02:05:38] 
INFO [2023-08-10 02:05:38] [[1]]
INFO [2023-08-10 02:05:38] list1
INFO [2023-08-10 02:05:38] 
INFO [2023-08-10 02:05:38] $filename
INFO [2023-08-10 02:05:38] NULL
INFO [2023-08-10 02:05:38] 
